0 info it worked if it ends with ok
1 verbose cli [ '/usr/local/bin/node', '/usr/local/bin/npm', 'run', 'init' ]
2 info using npm@3.10.3
3 info using node@v4.4.6
4 verbose run-script [ 'preinit', 'init', 'postinit' ]
5 info lifecycle express-test@1.0.0~preinit: express-test@1.0.0
6 silly lifecycle express-test@1.0.0~preinit: no script for preinit, continuing
7 info lifecycle express-test@1.0.0~init: express-test@1.0.0
8 verbose lifecycle express-test@1.0.0~init: unsafe-perm in lifecycle true
9 verbose lifecycle express-test@1.0.0~init: PATH: /usr/local/lib/node_modules/npm/bin/node-gyp-bin:/Users/zhangxiaodong/leaning/ReactNodeMongodb/service/node_modules/.bin:/usr/local/bin:/usr/local/Cellar/tomcat@8.0/8.0.43/bin::/usr/local/mysql/bin:/usr/local/bin:/usr/bin:/bin:/usr/sbin:/sbin:/Users/zhangxiaodong/Library/Android/sdk/android-sdk-macosx/tools:/Users/zhangxiaodong/Library/Android/sdk/android-sdk-macosx/platform-tools
10 verbose lifecycle express-test@1.0.0~init: CWD: /Users/zhangxiaodong/leaning/ReactNodeMongodb/service
11 silly lifecycle express-test@1.0.0~init: Args: [ '-c', 'node/test/admin insert' ]
12 info lifecycle express-test@1.0.0~init: Failed to exec init script
13 verbose stack Error: express-test@1.0.0 init: `node/test/admin insert`
13 verbose stack spawn ENOENT
13 verbose stack     at ChildProcess.<anonymous> (/usr/local/lib/node_modules/npm/lib/utils/spawn.js:33:16)
13 verbose stack     at emitTwo (events.js:87:13)
13 verbose stack     at ChildProcess.emit (events.js:172:7)
13 verbose stack     at maybeClose (internal/child_process.js:827:16)
13 verbose stack     at Process.ChildProcess._handle.onexit (internal/child_process.js:211:5)
14 verbose pkgid express-test@1.0.0
15 verbose cwd /Users/zhangxiaodong/leaning/ReactNodeMongodb/service
16 error Darwin 16.0.0
17 error argv "/usr/local/bin/node" "/usr/local/bin/npm" "run" "init"
18 error node v4.4.6
19 error npm  v3.10.3
20 error file sh
21 error code ELIFECYCLE
22 error errno ENOENT
23 error syscall spawn
24 error express-test@1.0.0 init: `node/test/admin insert`
24 error spawn ENOENT
25 error Failed at the express-test@1.0.0 init script 'node/test/admin insert'.
25 error Make sure you have the latest version of node.js and npm installed.
25 error If you do, this is most likely a problem with the express-test package,
25 error not with npm itself.
25 error Tell the author that this fails on your system:
25 error     node/test/admin insert
25 error You can get information on how to open an issue for this project with:
25 error     npm bugs express-test
25 error Or if that isn't available, you can get their info via:
25 error     npm owner ls express-test
25 error There is likely additional logging output above.
26 verbose exit [ 1, true ]
